Commit identifier: c96062b7db7bcb937fd37a63f9752b4be8ca96ba
Build date:2023-02-09T23-32-47
Build log: Build succeeded, but tests failed
Test log: 
-------------------------------------------------------------------------------
Test set: TestCalculator1
-------------------------------------------------------------------------------
Tests run: 1, Failures: 1, Errors: 0, Skipped: 0, Time elapsed: 0.009 s <<< FAILURE! - in TestCalculator1
testSum(TestCalculator1)  Time elapsed: 0.004 s  <<< FAILURE!
java.lang.AssertionError: expected:<100> but was:<550>
	at TestCalculator1.testSum(TestCalculator1.java:17)

